Determining if the pthread_create exist failed with the following output:
Change Dir: /home/phy12321/code/robot/src/build-contest-unknown-Default/CMakeFiles/CMakeTmp

Run Build Command:"/usr/bin/make" "cmTC_f745f/fast"
/usr/bin/make -f CMakeFiles/cmTC_f745f.dir/build.make CMakeFiles/cmTC_f745f.dir/build
make[1]: 进入目录“/home/phy12321/code/robot/src/build-contest-unknown-Default/CMakeFiles/CMakeTmp”
Building C object CMakeFiles/cmTC_f745f.dir/CheckSymbolExists.c.o
/usr/bin/gcc    -o CMakeFiles/cmTC_f745f.dir/CheckSymbolExists.c.o   -c /home/phy12321/code/robot/src/build-contest-unknown-Default/CMakeFiles/CMakeTmp/CheckSymbolExists.c
Linking C executable cmTC_f745f
/usr/bin/cmake -E cmake_link_script CMakeFiles/cmTC_f745f.dir/link.txt --verbose=1
/usr/bin/gcc      -rdynamic CMakeFiles/cmTC_f745f.dir/CheckSymbolExists.c.o  -o cmTC_f745f 
CMakeFiles/cmTC_f745f.dir/CheckSymbolExists.c.o：在函数‘main’中：
CheckSymbolExists.c:(.text+0x1b)：对‘pthread_create’未定义的引用
collect2: error: ld returned 1 exit status
CMakeFiles/cmTC_f745f.dir/build.make:97: recipe for target 'cmTC_f745f' failed
make[1]: *** [cmTC_f745f] Error 1
make[1]: 离开目录“/home/phy12321/code/robot/src/build-contest-unknown-Default/CMakeFiles/CMakeTmp”
Makefile:126: recipe for target 'cmTC_f745f/fast' failed
make: *** [cmTC_f745f/fast] Error 2

File /home/phy12321/code/robot/src/build-contest-unknown-Default/CMakeFiles/CMakeTmp/CheckSymbolExists.c:
/* */
#include <pthread.h>

int main(int argc, char** argv)
{
  (void)argv;
#ifndef pthread_create
  return ((int*)(&pthread_create))[argc];
#else
  (void)argc;
  return 0;
#endif
}

Determining if the function pthread_create exists in the pthreads failed with the following output:
Change Dir: /home/phy12321/code/robot/src/build-contest-unknown-Default/CMakeFiles/CMakeTmp

Run Build Command:"/usr/bin/make" "cmTC_0c148/fast"
/usr/bin/make -f CMakeFiles/cmTC_0c148.dir/build.make CMakeFiles/cmTC_0c148.dir/build
make[1]: 进入目录“/home/phy12321/code/robot/src/build-contest-unknown-Default/CMakeFiles/CMakeTmp”
Building C object CMakeFiles/cmTC_0c148.dir/CheckFunctionExists.c.o
/usr/bin/gcc   -DCHECK_FUNCTION_EXISTS=pthread_create   -o CMakeFiles/cmTC_0c148.dir/CheckFunctionExists.c.o   -c /usr/share/cmake-3.10/Modules/CheckFunctionExists.c
Linking C executable cmTC_0c148
/usr/bin/cmake -E cmake_link_script CMakeFiles/cmTC_0c148.dir/link.txt --verbose=1
/usr/bin/gcc  -DCHECK_FUNCTION_EXISTS=pthread_create    -rdynamic CMakeFiles/cmTC_0c148.dir/CheckFunctionExists.c.o  -o cmTC_0c148 -lpthreads 
/usr/bin/ld: 找不到 -lpthreads
collect2: error: ld returned 1 exit status
CMakeFiles/cmTC_0c148.dir/build.make:97: recipe for target 'cmTC_0c148' failed
make[1]: *** [cmTC_0c148] Error 1
make[1]: 离开目录“/home/phy12321/code/robot/src/build-contest-unknown-Default/CMakeFiles/CMakeTmp”
Makefile:126: recipe for target 'cmTC_0c148/fast' failed
make: *** [cmTC_0c148/fast] Error 2


