Performing C SOURCE FILE Test CMAKE_HAVE_LIBC_PTHREAD failed with the following output:
Change Dir: /home/slam/Robot2020/src/build-contest-Desktop-Default/CMakeFiles/CMakeTmp

Run Build Command(s):/usr/bin/make cmTC_b5cc1/fast && /usr/bin/make -f CMakeFiles/cmTC_b5cc1.dir/build.make CMakeFiles/cmTC_b5cc1.dir/build
make[1]: Entering directory '/home/slam/Robot2020/src/build-contest-Desktop-Default/CMakeFiles/CMakeTmp'
Building C object CMakeFiles/cmTC_b5cc1.dir/src.c.o
/usr/bin/gcc-5   -DCMAKE_HAVE_LIBC_PTHREAD   -o CMakeFiles/cmTC_b5cc1.dir/src.c.o   -c /home/slam/Robot2020/src/build-contest-Desktop-Default/CMakeFiles/CMakeTmp/src.c
Linking C executable cmTC_b5cc1
/usr/local/bin/cmake -E cmake_link_script CMakeFiles/cmTC_b5cc1.dir/link.txt --verbose=1
/usr/bin/gcc-5  -DCMAKE_HAVE_LIBC_PTHREAD    -rdynamic CMakeFiles/cmTC_b5cc1.dir/src.c.o  -o cmTC_b5cc1 
CMakeFiles/cmTC_b5cc1.dir/src.c.o: In function `main':
src.c:(.text+0x3c): undefined reference to `pthread_create'
src.c:(.text+0x48): undefined reference to `pthread_detach'
src.c:(.text+0x59): undefined reference to `pthread_join'
src.c:(.text+0x6d): undefined reference to `pthread_atfork'
collect2: error: ld returned 1 exit status
CMakeFiles/cmTC_b5cc1.dir/build.make:86: recipe for target 'cmTC_b5cc1' failed
make[1]: *** [cmTC_b5cc1] Error 1
make[1]: Leaving directory '/home/slam/Robot2020/src/build-contest-Desktop-Default/CMakeFiles/CMakeTmp'
Makefile:121: recipe for target 'cmTC_b5cc1/fast' failed
make: *** [cmTC_b5cc1/fast] Error 2


Source file was:
#include <pthread.h>

void* test_func(void* data)
{
  return data;
}

int main(void)
{
  pthread_t thread;
  pthread_create(&thread, NULL, test_func, NULL);
  pthread_detach(thread);
  pthread_join(thread, NULL);
  pthread_atfork(NULL, NULL, NULL);
  pthread_exit(NULL);

  return 0;
}

Determining if the function pthread_create exists in the pthreads failed with the following output:
Change Dir: /home/slam/Robot2020/src/build-contest-Desktop-Default/CMakeFiles/CMakeTmp

Run Build Command(s):/usr/bin/make cmTC_13894/fast && /usr/bin/make -f CMakeFiles/cmTC_13894.dir/build.make CMakeFiles/cmTC_13894.dir/build
make[1]: Entering directory '/home/slam/Robot2020/src/build-contest-Desktop-Default/CMakeFiles/CMakeTmp'
Building C object CMakeFiles/cmTC_13894.dir/CheckFunctionExists.c.o
/usr/bin/gcc-5   -DCHECK_FUNCTION_EXISTS=pthread_create   -o CMakeFiles/cmTC_13894.dir/CheckFunctionExists.c.o   -c /usr/local/share/cmake-3.16/Modules/CheckFunctionExists.c
Linking C executable cmTC_13894
/usr/local/bin/cmake -E cmake_link_script CMakeFiles/cmTC_13894.dir/link.txt --verbose=1
/usr/bin/gcc-5  -DCHECK_FUNCTION_EXISTS=pthread_create    -rdynamic CMakeFiles/cmTC_13894.dir/CheckFunctionExists.c.o  -o cmTC_13894  -lpthreads 
/usr/bin/ld: cannot find -lpthreads
collect2: error: ld returned 1 exit status
CMakeFiles/cmTC_13894.dir/build.make:86: recipe for target 'cmTC_13894' failed
make[1]: *** [cmTC_13894] Error 1
make[1]: Leaving directory '/home/slam/Robot2020/src/build-contest-Desktop-Default/CMakeFiles/CMakeTmp'
Makefile:121: recipe for target 'cmTC_13894/fast' failed
make: *** [cmTC_13894/fast] Error 2



