Performing C SOURCE FILE Test CMAKE_HAVE_LIBC_PTHREAD failed with the following output:
Change Dir: /home/slam/Robot2020/src/build-contest-Desktop_Qt_5_14_2_GCC_64bit-Debug/CMakeFiles/CMakeTmp

Run Build Command(s):/usr/bin/make cmTC_271ae/fast && /usr/bin/make -f CMakeFiles/cmTC_271ae.dir/build.make CMakeFiles/cmTC_271ae.dir/build
make[1]: Entering directory '/home/slam/Robot2020/src/build-contest-Desktop_Qt_5_14_2_GCC_64bit-Debug/CMakeFiles/CMakeTmp'
Building C object CMakeFiles/cmTC_271ae.dir/src.c.o
/usr/bin/gcc   -DCMAKE_HAVE_LIBC_PTHREAD   -o CMakeFiles/cmTC_271ae.dir/src.c.o   -c /home/slam/Robot2020/src/build-contest-Desktop_Qt_5_14_2_GCC_64bit-Debug/CMakeFiles/CMakeTmp/src.c
Linking C executable cmTC_271ae
/usr/local/bin/cmake -E cmake_link_script CMakeFiles/cmTC_271ae.dir/link.txt --verbose=1
/usr/bin/gcc  -DCMAKE_HAVE_LIBC_PTHREAD    -rdynamic CMakeFiles/cmTC_271ae.dir/src.c.o  -o cmTC_271ae 
CMakeFiles/cmTC_271ae.dir/src.c.o: In function `main':
src.c:(.text+0x3c): undefined reference to `pthread_create'
src.c:(.text+0x48): undefined reference to `pthread_detach'
src.c:(.text+0x59): undefined reference to `pthread_join'
src.c:(.text+0x6d): undefined reference to `pthread_atfork'
collect2: error: ld returned 1 exit status
CMakeFiles/cmTC_271ae.dir/build.make:86: recipe for target 'cmTC_271ae' failed
make[1]: *** [cmTC_271ae] Error 1
make[1]: Leaving directory '/home/slam/Robot2020/src/build-contest-Desktop_Qt_5_14_2_GCC_64bit-Debug/CMakeFiles/CMakeTmp'
Makefile:121: recipe for target 'cmTC_271ae/fast' failed
make: *** [cmTC_271ae/fast] Error 2


Source file was:
#include <pthread.h>

void* test_func(void* data)
{
  return data;
}

int main(void)
{
  pthread_t thread;
  pthread_create(&thread, NULL, test_func, NULL);
  pthread_detach(thread);
  pthread_join(thread, NULL);
  pthread_atfork(NULL, NULL, NULL);
  pthread_exit(NULL);

  return 0;
}

Determining if the function pthread_create exists in the pthreads failed with the following output:
Change Dir: /home/slam/Robot2020/src/build-contest-Desktop_Qt_5_14_2_GCC_64bit-Debug/CMakeFiles/CMakeTmp

Run Build Command(s):/usr/bin/make cmTC_231f8/fast && /usr/bin/make -f CMakeFiles/cmTC_231f8.dir/build.make CMakeFiles/cmTC_231f8.dir/build
make[1]: Entering directory '/home/slam/Robot2020/src/build-contest-Desktop_Qt_5_14_2_GCC_64bit-Debug/CMakeFiles/CMakeTmp'
Building C object CMakeFiles/cmTC_231f8.dir/CheckFunctionExists.c.o
/usr/bin/gcc   -DCHECK_FUNCTION_EXISTS=pthread_create   -o CMakeFiles/cmTC_231f8.dir/CheckFunctionExists.c.o   -c /usr/local/share/cmake-3.16/Modules/CheckFunctionExists.c
Linking C executable cmTC_231f8
/usr/local/bin/cmake -E cmake_link_script CMakeFiles/cmTC_231f8.dir/link.txt --verbose=1
/usr/bin/gcc  -DCHECK_FUNCTION_EXISTS=pthread_create    -rdynamic CMakeFiles/cmTC_231f8.dir/CheckFunctionExists.c.o  -o cmTC_231f8  -lpthreads 
/usr/bin/ld: cannot find -lpthreads
collect2: error: ld returned 1 exit status
CMakeFiles/cmTC_231f8.dir/build.make:86: recipe for target 'cmTC_231f8' failed
make[1]: *** [cmTC_231f8] Error 1
make[1]: Leaving directory '/home/slam/Robot2020/src/build-contest-Desktop_Qt_5_14_2_GCC_64bit-Debug/CMakeFiles/CMakeTmp'
Makefile:121: recipe for target 'cmTC_231f8/fast' failed
make: *** [cmTC_231f8/fast] Error 2



